   1               		.file	"niu_mini.c"
   2               	__SP_H__ = 0x3e
   3               	__SP_L__ = 0x3d
   4               	__SREG__ = 0x3f
   5               	__tmp_reg__ = 0
   6               	__zero_reg__ = 1
   7               		.text
   8               	.Ltext0:
   9               		.cfi_sections	.debug_frame
  10               		.section	.text.matrix_init_kb,"ax",@progbits
  11               	.global	matrix_init_kb
  13               	matrix_init_kb:
  14               	.LFB17:
  15               		.file 1 "keyboards/niu_mini/niu_mini.c"
   1:keyboards/niu_mini/niu_mini.c **** #include "niu_mini.h"
   2:keyboards/niu_mini/niu_mini.c **** 
   3:keyboards/niu_mini/niu_mini.c **** #ifdef SWAP_HANDS_ENABLE
   4:keyboards/niu_mini/niu_mini.c **** __attribute__ ((weak))
   5:keyboards/niu_mini/niu_mini.c **** const keypos_t hand_swap_config[MATRIX_ROWS][MATRIX_COLS] = {
   6:keyboards/niu_mini/niu_mini.c ****   {{11, 0}, {10, 0}, {9, 0}, {8, 0}, {7, 0}, {6, 0}, {5, 0}, {4, 0}, {3, 0}, {2, 0}, {1, 0}, {0, 0}
   7:keyboards/niu_mini/niu_mini.c ****   {{11, 1}, {10, 1}, {9, 1}, {8, 1}, {7, 1}, {6, 1}, {5, 1}, {4, 1}, {3, 1}, {2, 1}, {1, 1}, {0, 1}
   8:keyboards/niu_mini/niu_mini.c ****   {{11, 2}, {10, 2}, {9, 2}, {8, 2}, {7, 2}, {6, 2}, {5, 2}, {4, 2}, {3, 2}, {2, 2}, {1, 2}, {0, 2}
   9:keyboards/niu_mini/niu_mini.c ****   {{11, 3}, {10, 3}, {9, 3}, {8, 3}, {7, 3}, {6, 3}, {5, 3}, {4, 3}, {3, 3}, {2, 3}, {1, 3}, {0, 3}
  10:keyboards/niu_mini/niu_mini.c **** };
  11:keyboards/niu_mini/niu_mini.c **** #endif
  12:keyboards/niu_mini/niu_mini.c **** 
  13:keyboards/niu_mini/niu_mini.c **** void matrix_init_kb(void) {
  16               		.loc 1 13 0
  17               		.cfi_startproc
  18               	/* prologue: function */
  19               	/* frame size = 0 */
  20               	/* stack size = 0 */
  21               	.L__stack_usage = 0
  14:keyboards/niu_mini/niu_mini.c **** 	// Turn status LED on
  15:keyboards/niu_mini/niu_mini.c **** 	DDRE |= (1<<6);
  22               		.loc 1 15 0
  23 0000 6E9A      		sbi 0xd,6
  16:keyboards/niu_mini/niu_mini.c **** 	PORTE |= (1<<6);
  24               		.loc 1 16 0
  25 0002 769A      		sbi 0xe,6
  17:keyboards/niu_mini/niu_mini.c **** 
  18:keyboards/niu_mini/niu_mini.c **** 	matrix_init_user();
  26               		.loc 1 18 0
  27 0004 0C94 0000 		jmp matrix_init_user
  28               	.LVL0:
  29               		.cfi_endproc
  30               	.LFE17:
  32               		.text
  33               	.Letext0:
  34               		.file 2 "tmk_core/common/report.h"
  35               		.file 3 "c:\\msys64\\home\\cris almanza\\qmk_utils\\avr8-gnu-toolchain\\avr\\include\\stdint.h"
  36               		.file 4 "tmk_core/common/action_util.h"
  37               		.file 5 "quantum/quantum.h"
DEFINED SYMBOLS
                            *ABS*:00000000 niu_mini.c
C:\msys64\tmp\ccoCoLWx.s:2      *ABS*:0000003e __SP_H__
C:\msys64\tmp\ccoCoLWx.s:3      *ABS*:0000003d __SP_L__
C:\msys64\tmp\ccoCoLWx.s:4      *ABS*:0000003f __SREG__
C:\msys64\tmp\ccoCoLWx.s:5      *ABS*:00000000 __tmp_reg__
C:\msys64\tmp\ccoCoLWx.s:6      *ABS*:00000001 __zero_reg__
C:\msys64\tmp\ccoCoLWx.s:13     .text.matrix_init_kb:00000000 matrix_init_kb

UNDEFINED SYMBOLS
matrix_init_user
