   1               		.file	"backlight.c"
   2               	__SP_H__ = 0x3e
   3               	__SP_L__ = 0x3d
   4               	__SREG__ = 0x3f
   5               	__tmp_reg__ = 0
   6               	__zero_reg__ = 1
   7               		.text
   8               	.Ltext0:
   9               		.cfi_sections	.debug_frame
  10               		.section	.text.backlight_init,"ax",@progbits
  11               	.global	backlight_init
  13               	backlight_init:
  14               	.LFB1:
  15               		.file 1 "tmk_core/common/backlight.c"
   1:tmk_core/common/backlight.c **** /*
   2:tmk_core/common/backlight.c **** Copyright 2013 Mathias Andersson <wraul@dbox.se>
   3:tmk_core/common/backlight.c **** 
   4:tmk_core/common/backlight.c **** This program is free software: you can redistribute it and/or modify
   5:tmk_core/common/backlight.c **** it under the terms of the GNU General Public License as published by
   6:tmk_core/common/backlight.c **** the Free Software Foundation, either version 2 of the License, or
   7:tmk_core/common/backlight.c **** (at your option) any later version.
   8:tmk_core/common/backlight.c **** 
   9:tmk_core/common/backlight.c **** This program is distributed in the hope that it will be useful,
  10:tmk_core/common/backlight.c **** but WITHOUT ANY WARRANTY; without even the implied warranty of
  11:tmk_core/common/backlight.c **** MERCHANTABILITY or FITNESS FOR A PARTICULAR PURPOSE.  See the
  12:tmk_core/common/backlight.c **** GNU General Public License for more details.
  13:tmk_core/common/backlight.c **** 
  14:tmk_core/common/backlight.c **** You should have received a copy of the GNU General Public License
  15:tmk_core/common/backlight.c **** along with this program.  If not, see <http://www.gnu.org/licenses/>.
  16:tmk_core/common/backlight.c **** */
  17:tmk_core/common/backlight.c **** 
  18:tmk_core/common/backlight.c **** #include "backlight.h"
  19:tmk_core/common/backlight.c **** #include "eeconfig.h"
  20:tmk_core/common/backlight.c **** #include "debug.h"
  21:tmk_core/common/backlight.c **** 
  22:tmk_core/common/backlight.c **** backlight_config_t backlight_config;
  23:tmk_core/common/backlight.c **** 
  24:tmk_core/common/backlight.c **** /** \brief Backlight initialization
  25:tmk_core/common/backlight.c ****  *
  26:tmk_core/common/backlight.c ****  * FIXME: needs doc
  27:tmk_core/common/backlight.c ****  */
  28:tmk_core/common/backlight.c **** void backlight_init(void)
  29:tmk_core/common/backlight.c **** {
  16               		.loc 1 29 0
  17               		.cfi_startproc
  18               	/* prologue: function */
  19               	/* frame size = 0 */
  20               	/* stack size = 0 */
  21               	.L__stack_usage = 0
  30:tmk_core/common/backlight.c ****     /* check signature */
  31:tmk_core/common/backlight.c ****     if (!eeconfig_is_enabled()) {
  22               		.loc 1 31 0
  23 0000 0E94 0000 		call eeconfig_is_enabled
  24               	.LVL0:
  25 0004 8111      		cpse r24,__zero_reg__
  26 0006 00C0      		rjmp .L2
  32:tmk_core/common/backlight.c ****         eeconfig_init();
  27               		.loc 1 32 0
  28 0008 0E94 0000 		call eeconfig_init
  29               	.LVL1:
  30               	.L2:
  33:tmk_core/common/backlight.c ****     }
  34:tmk_core/common/backlight.c ****     backlight_config.raw = eeconfig_read_backlight();
  31               		.loc 1 34 0
  32 000c 0E94 0000 		call eeconfig_read_backlight
  33               	.LVL2:
  34 0010 8093 0000 		sts backlight_config,r24
  35:tmk_core/common/backlight.c ****     if (backlight_config.level > BACKLIGHT_LEVELS) {
  35               		.loc 1 35 0
  36 0014 282F      		mov r18,r24
  37 0016 2695      		lsr r18
  38 0018 30E0      		ldi r19,0
  39 001a 2530      		cpi r18,5
  40 001c 3105      		cpc r19,__zero_reg__
  41 001e 04F0      		brlt .L3
  36:tmk_core/common/backlight.c ****        backlight_config.level = BACKLIGHT_LEVELS;
  42               		.loc 1 36 0
  43 0020 8170      		andi r24,lo8(1)
  44 0022 8860      		ori r24,lo8(8)
  45 0024 8093 0000 		sts backlight_config,r24
  46               	.L3:
  37:tmk_core/common/backlight.c ****     }
  38:tmk_core/common/backlight.c ****     backlight_set(backlight_config.enable ? backlight_config.level : 0);
  47               		.loc 1 38 0
  48 0028 8091 0000 		lds r24,backlight_config
  49 002c 80FF      		sbrs r24,0
  50 002e 00C0      		rjmp .L5
  51               		.loc 1 38 0 is_stmt 0 discriminator 1
  52 0030 8695      		lsr r24
  53 0032 00C0      		rjmp .L4
  54               	.L5:
  55               		.loc 1 38 0
  56 0034 80E0      		ldi r24,0
  57               	.L4:
  58               		.loc 1 38 0 discriminator 4
  59 0036 0C94 0000 		jmp backlight_set
  60               	.LVL3:
  61               		.cfi_endproc
  62               	.LFE1:
  64               		.section	.text.backlight_increase,"ax",@progbits
  65               	.global	backlight_increase
  67               	backlight_increase:
  68               	.LFB2:
  39:tmk_core/common/backlight.c **** }
  40:tmk_core/common/backlight.c **** 
  41:tmk_core/common/backlight.c **** /** \brief Backlight increase
  42:tmk_core/common/backlight.c ****  *
  43:tmk_core/common/backlight.c ****  * FIXME: needs doc
  44:tmk_core/common/backlight.c ****  */
  45:tmk_core/common/backlight.c **** void backlight_increase(void)
  46:tmk_core/common/backlight.c **** {
  69               		.loc 1 46 0 is_stmt 1
  70               		.cfi_startproc
  71               	/* prologue: function */
  72               	/* frame size = 0 */
  73               	/* stack size = 0 */
  74               	.L__stack_usage = 0
  47:tmk_core/common/backlight.c ****     if(backlight_config.level < BACKLIGHT_LEVELS)
  75               		.loc 1 47 0
  76 0000 2091 0000 		lds r18,backlight_config
  77 0004 822F      		mov r24,r18
  78 0006 8695      		lsr r24
  79 0008 482F      		mov r20,r24
  80 000a 50E0      		ldi r21,0
  81 000c 4430      		cpi r20,4
  82 000e 5105      		cpc r21,__zero_reg__
  83 0010 04F4      		brge .L8
  48:tmk_core/common/backlight.c ****     {
  49:tmk_core/common/backlight.c ****         backlight_config.level++;
  84               		.loc 1 49 0
  85 0012 8F5F      		subi r24,lo8(-(1))
  86 0014 982F      		mov r25,r24
  87 0016 990F      		lsl r25
  88 0018 822F      		mov r24,r18
  89 001a 8170      		andi r24,lo8(1)
  90 001c 892B      		or r24,r25
  91 001e 8093 0000 		sts backlight_config,r24
  92               	.L8:
  50:tmk_core/common/backlight.c ****     }
  51:tmk_core/common/backlight.c ****     backlight_config.enable = 1;
  93               		.loc 1 51 0
  94 0022 8091 0000 		lds r24,backlight_config
  95 0026 8160      		ori r24,lo8(1<<0)
  96 0028 8093 0000 		sts backlight_config,r24
  52:tmk_core/common/backlight.c ****     eeconfig_update_backlight(backlight_config.raw);
  97               		.loc 1 52 0
  98 002c 0E94 0000 		call eeconfig_update_backlight
  99               	.LVL4:
  53:tmk_core/common/backlight.c ****     dprintf("backlight increase: %u\n", backlight_config.level);
 100               		.loc 1 53 0
 101 0030 8091 0000 		lds r24,debug_config
 102 0034 80FF      		sbrs r24,0
 103 0036 00C0      		rjmp .L9
 104               		.loc 1 53 0 is_stmt 0 discriminator 1
 105 0038 8091 0000 		lds r24,backlight_config
 106 003c 8695      		lsr r24
 107 003e 1F92      		push __zero_reg__
 108               	.LCFI0:
 109               		.cfi_def_cfa_offset 3
 110 0040 8F93      		push r24
 111               	.LCFI1:
 112               		.cfi_def_cfa_offset 4
 113 0042 80E0      		ldi r24,lo8(__c.1748)
 114 0044 90E0      		ldi r25,hi8(__c.1748)
 115 0046 9F93      		push r25
 116               	.LCFI2:
 117               		.cfi_def_cfa_offset 5
 118 0048 8F93      		push r24
 119               	.LCFI3:
 120               		.cfi_def_cfa_offset 6
 121 004a 0E94 0000 		call __xprintf
 122               	.LVL5:
 123 004e 0F90      		pop __tmp_reg__
 124 0050 0F90      		pop __tmp_reg__
 125 0052 0F90      		pop __tmp_reg__
 126 0054 0F90      		pop __tmp_reg__
 127               	.LCFI4:
 128               		.cfi_def_cfa_offset 2
 129               	.L9:
  54:tmk_core/common/backlight.c ****     backlight_set(backlight_config.level);
 130               		.loc 1 54 0 is_stmt 1
 131 0056 8091 0000 		lds r24,backlight_config
 132 005a 8695      		lsr r24
 133 005c 0C94 0000 		jmp backlight_set
 134               	.LVL6:
 135               		.cfi_endproc
 136               	.LFE2:
 138               		.section	.text.backlight_decrease,"ax",@progbits
 139               	.global	backlight_decrease
 141               	backlight_decrease:
 142               	.LFB3:
  55:tmk_core/common/backlight.c **** }
  56:tmk_core/common/backlight.c **** 
  57:tmk_core/common/backlight.c **** /** \brief Backlight decrease
  58:tmk_core/common/backlight.c ****  *
  59:tmk_core/common/backlight.c ****  * FIXME: needs doc
  60:tmk_core/common/backlight.c ****  */
  61:tmk_core/common/backlight.c **** void backlight_decrease(void)
  62:tmk_core/common/backlight.c **** {
 143               		.loc 1 62 0
 144               		.cfi_startproc
 145               	/* prologue: function */
 146               	/* frame size = 0 */
 147               	/* stack size = 0 */
 148               	.L__stack_usage = 0
  63:tmk_core/common/backlight.c ****     if(backlight_config.level > 0)
 149               		.loc 1 63 0
 150 0000 8091 0000 		lds r24,backlight_config
 151 0004 982F      		mov r25,r24
 152 0006 9695      		lsr r25
 153 0008 01F0      		breq .L14
  64:tmk_core/common/backlight.c ****     {
  65:tmk_core/common/backlight.c ****         backlight_config.level--;
 154               		.loc 1 65 0
 155 000a 9158      		subi r25,lo8(-(127))
 156 000c 990F      		lsl r25
 157 000e 8170      		andi r24,lo8(1)
 158 0010 892B      		or r24,r25
 159 0012 8093 0000 		sts backlight_config,r24
  66:tmk_core/common/backlight.c ****         backlight_config.enable = !!backlight_config.level;
 160               		.loc 1 66 0
 161 0016 8E7F      		andi r24,lo8(-2)
 162 0018 91E0      		ldi r25,lo8(1)
 163 001a 01F4      		brne .L15
 164 001c 90E0      		ldi r25,0
 165               	.L15:
 166 001e 8091 0000 		lds r24,backlight_config
 167 0022 90FB      		bst r25,0
 168 0024 80F9      		bld r24,0
 169 0026 8093 0000 		sts backlight_config,r24
  67:tmk_core/common/backlight.c ****         eeconfig_update_backlight(backlight_config.raw);
 170               		.loc 1 67 0
 171 002a 0E94 0000 		call eeconfig_update_backlight
 172               	.LVL7:
 173               	.L14:
  68:tmk_core/common/backlight.c ****     }
  69:tmk_core/common/backlight.c ****     dprintf("backlight decrease: %u\n", backlight_config.level);
 174               		.loc 1 69 0
 175 002e 8091 0000 		lds r24,debug_config
 176 0032 80FF      		sbrs r24,0
 177 0034 00C0      		rjmp .L16
 178               		.loc 1 69 0 is_stmt 0 discriminator 1
 179 0036 8091 0000 		lds r24,backlight_config
 180 003a 8695      		lsr r24
 181 003c 1F92      		push __zero_reg__
 182               	.LCFI5:
 183               		.cfi_def_cfa_offset 3
 184 003e 8F93      		push r24
 185               	.LCFI6:
 186               		.cfi_def_cfa_offset 4
 187 0040 80E0      		ldi r24,lo8(__c.1753)
 188 0042 90E0      		ldi r25,hi8(__c.1753)
 189 0044 9F93      		push r25
 190               	.LCFI7:
 191               		.cfi_def_cfa_offset 5
 192 0046 8F93      		push r24
 193               	.LCFI8:
 194               		.cfi_def_cfa_offset 6
 195 0048 0E94 0000 		call __xprintf
 196               	.LVL8:
 197 004c 0F90      		pop __tmp_reg__
 198 004e 0F90      		pop __tmp_reg__
 199 0050 0F90      		pop __tmp_reg__
 200 0052 0F90      		pop __tmp_reg__
 201               	.LCFI9:
 202               		.cfi_def_cfa_offset 2
 203               	.L16:
  70:tmk_core/common/backlight.c ****     backlight_set(backlight_config.level);
 204               		.loc 1 70 0 is_stmt 1
 205 0054 8091 0000 		lds r24,backlight_config
 206 0058 8695      		lsr r24
 207 005a 0C94 0000 		jmp backlight_set
 208               	.LVL9:
 209               		.cfi_endproc
 210               	.LFE3:
 212               		.section	.text.backlight_toggle,"ax",@progbits
 213               	.global	backlight_toggle
 215               	backlight_toggle:
 216               	.LFB4:
  71:tmk_core/common/backlight.c **** }
  72:tmk_core/common/backlight.c **** 
  73:tmk_core/common/backlight.c **** /** \brief Backlight toggle
  74:tmk_core/common/backlight.c ****  *
  75:tmk_core/common/backlight.c ****  * FIXME: needs doc
  76:tmk_core/common/backlight.c ****  */
  77:tmk_core/common/backlight.c **** void backlight_toggle(void)
  78:tmk_core/common/backlight.c **** {
 217               		.loc 1 78 0
 218               		.cfi_startproc
 219               	/* prologue: function */
 220               	/* frame size = 0 */
 221               	/* stack size = 0 */
 222               	.L__stack_usage = 0
  79:tmk_core/common/backlight.c ****     backlight_config.enable ^= 1;
 223               		.loc 1 79 0
 224 0000 8091 0000 		lds r24,backlight_config
 225 0004 982F      		mov r25,r24
 226 0006 9095      		com r25
 227 0008 90FB      		bst r25,0
 228 000a 80F9      		bld r24,0
 229 000c 8093 0000 		sts backlight_config,r24
  80:tmk_core/common/backlight.c ****     if (backlight_config.raw == 1) // enabled but level = 0
 230               		.loc 1 80 0
 231 0010 8130      		cpi r24,lo8(1)
 232 0012 01F4      		brne .L24
  81:tmk_core/common/backlight.c ****         backlight_config.level = 1;
 233               		.loc 1 81 0
 234 0014 83E0      		ldi r24,lo8(3)
 235 0016 8093 0000 		sts backlight_config,r24
 236               	.L24:
  82:tmk_core/common/backlight.c ****     eeconfig_update_backlight(backlight_config.raw);
 237               		.loc 1 82 0
 238 001a 8091 0000 		lds r24,backlight_config
 239 001e 0E94 0000 		call eeconfig_update_backlight
 240               	.LVL10:
  83:tmk_core/common/backlight.c ****     dprintf("backlight toggle: %u\n", backlight_config.enable);
 241               		.loc 1 83 0
 242 0022 8091 0000 		lds r24,debug_config
 243 0026 80FF      		sbrs r24,0
 244 0028 00C0      		rjmp .L25
 245               		.loc 1 83 0 is_stmt 0 discriminator 1
 246 002a 8091 0000 		lds r24,backlight_config
 247 002e 8170      		andi r24,1
 248 0030 1F92      		push __zero_reg__
 249               	.LCFI10:
 250               		.cfi_def_cfa_offset 3
 251 0032 8F93      		push r24
 252               	.LCFI11:
 253               		.cfi_def_cfa_offset 4
 254 0034 80E0      		ldi r24,lo8(__c.1758)
 255 0036 90E0      		ldi r25,hi8(__c.1758)
 256 0038 9F93      		push r25
 257               	.LCFI12:
 258               		.cfi_def_cfa_offset 5
 259 003a 8F93      		push r24
 260               	.LCFI13:
 261               		.cfi_def_cfa_offset 6
 262 003c 0E94 0000 		call __xprintf
 263               	.LVL11:
 264 0040 0F90      		pop __tmp_reg__
 265 0042 0F90      		pop __tmp_reg__
 266 0044 0F90      		pop __tmp_reg__
 267 0046 0F90      		pop __tmp_reg__
 268               	.LCFI14:
 269               		.cfi_def_cfa_offset 2
 270               	.L25:
  84:tmk_core/common/backlight.c ****     backlight_set(backlight_config.enable ? backlight_config.level : 0);
 271               		.loc 1 84 0 is_stmt 1
 272 0048 8091 0000 		lds r24,backlight_config
 273 004c 80FF      		sbrs r24,0
 274 004e 00C0      		rjmp .L27
 275               		.loc 1 84 0 is_stmt 0 discriminator 1
 276 0050 8695      		lsr r24
 277 0052 00C0      		rjmp .L26
 278               	.L27:
 279               		.loc 1 84 0
 280 0054 80E0      		ldi r24,0
 281               	.L26:
 282               		.loc 1 84 0 discriminator 4
 283 0056 0C94 0000 		jmp backlight_set
 284               	.LVL12:
 285               		.cfi_endproc
 286               	.LFE4:
 288               		.section	.text.backlight_step,"ax",@progbits
 289               	.global	backlight_step
 291               	backlight_step:
 292               	.LFB5:
  85:tmk_core/common/backlight.c **** }
  86:tmk_core/common/backlight.c **** 
  87:tmk_core/common/backlight.c **** /** \brief Backlight step through levels
  88:tmk_core/common/backlight.c ****  *
  89:tmk_core/common/backlight.c ****  * FIXME: needs doc
  90:tmk_core/common/backlight.c ****  */
  91:tmk_core/common/backlight.c **** void backlight_step(void)
  92:tmk_core/common/backlight.c **** {
 293               		.loc 1 92 0 is_stmt 1
 294               		.cfi_startproc
 295               	/* prologue: function */
 296               	/* frame size = 0 */
 297               	/* stack size = 0 */
 298               	.L__stack_usage = 0
  93:tmk_core/common/backlight.c ****     backlight_config.level++;
 299               		.loc 1 93 0
 300 0000 9091 0000 		lds r25,backlight_config
 301 0004 892F      		mov r24,r25
 302 0006 8695      		lsr r24
 303 0008 8F5F      		subi r24,lo8(-(1))
 304 000a 8F77      		andi r24,lo8(127)
 305 000c 9170      		andi r25,lo8(1)
  94:tmk_core/common/backlight.c ****     if(backlight_config.level > BACKLIGHT_LEVELS)
 306               		.loc 1 94 0
 307 000e 8530      		cpi r24,lo8(5)
 308 0010 00F4      		brsh .L32
  93:tmk_core/common/backlight.c ****     backlight_config.level++;
 309               		.loc 1 93 0
 310 0012 880F      		lsl r24
 311 0014 892B      		or r24,r25
 312 0016 8093 0000 		sts backlight_config,r24
 313 001a 00C0      		rjmp .L33
 314               	.L32:
  95:tmk_core/common/backlight.c ****     {
  96:tmk_core/common/backlight.c ****         backlight_config.level = 0;
 315               		.loc 1 96 0
 316 001c 9093 0000 		sts backlight_config,r25
 317               	.L33:
  97:tmk_core/common/backlight.c ****     }
  98:tmk_core/common/backlight.c ****     backlight_config.enable = !!backlight_config.level;
 318               		.loc 1 98 0
 319 0020 8091 0000 		lds r24,backlight_config
 320 0024 8E7F      		andi r24,lo8(-2)
 321 0026 91E0      		ldi r25,lo8(1)
 322 0028 01F4      		brne .L34
 323 002a 90E0      		ldi r25,0
 324               	.L34:
 325 002c 8091 0000 		lds r24,backlight_config
 326 0030 90FB      		bst r25,0
 327 0032 80F9      		bld r24,0
 328 0034 8093 0000 		sts backlight_config,r24
  99:tmk_core/common/backlight.c ****     eeconfig_update_backlight(backlight_config.raw);
 329               		.loc 1 99 0
 330 0038 0E94 0000 		call eeconfig_update_backlight
 331               	.LVL13:
 100:tmk_core/common/backlight.c ****     dprintf("backlight step: %u\n", backlight_config.level);
 332               		.loc 1 100 0
 333 003c 8091 0000 		lds r24,debug_config
 334 0040 80FF      		sbrs r24,0
 335 0042 00C0      		rjmp .L35
 336               		.loc 1 100 0 is_stmt 0 discriminator 1
 337 0044 8091 0000 		lds r24,backlight_config
 338 0048 8695      		lsr r24
 339 004a 1F92      		push __zero_reg__
 340               	.LCFI15:
 341               		.cfi_def_cfa_offset 3
 342 004c 8F93      		push r24
 343               	.LCFI16:
 344               		.cfi_def_cfa_offset 4
 345 004e 80E0      		ldi r24,lo8(__c.1763)
 346 0050 90E0      		ldi r25,hi8(__c.1763)
 347 0052 9F93      		push r25
 348               	.LCFI17:
 349               		.cfi_def_cfa_offset 5
 350 0054 8F93      		push r24
 351               	.LCFI18:
 352               		.cfi_def_cfa_offset 6
 353 0056 0E94 0000 		call __xprintf
 354               	.LVL14:
 355 005a 0F90      		pop __tmp_reg__
 356 005c 0F90      		pop __tmp_reg__
 357 005e 0F90      		pop __tmp_reg__
 358 0060 0F90      		pop __tmp_reg__
 359               	.LCFI19:
 360               		.cfi_def_cfa_offset 2
 361               	.L35:
 101:tmk_core/common/backlight.c ****     backlight_set(backlight_config.level);
 362               		.loc 1 101 0 is_stmt 1
 363 0062 8091 0000 		lds r24,backlight_config
 364 0066 8695      		lsr r24
 365 0068 0C94 0000 		jmp backlight_set
 366               	.LVL15:
 367               		.cfi_endproc
 368               	.LFE5:
 370               		.section	.text.backlight_level,"ax",@progbits
 371               	.global	backlight_level
 373               	backlight_level:
 374               	.LFB6:
 102:tmk_core/common/backlight.c **** }
 103:tmk_core/common/backlight.c **** 
 104:tmk_core/common/backlight.c **** /** \brief Backlight set level
 105:tmk_core/common/backlight.c ****  *
 106:tmk_core/common/backlight.c ****  * FIXME: needs doc
 107:tmk_core/common/backlight.c ****  */
 108:tmk_core/common/backlight.c **** void backlight_level(uint8_t level)
 109:tmk_core/common/backlight.c **** {
 375               		.loc 1 109 0
 376               		.cfi_startproc
 377               	.LVL16:
 378               	/* prologue: function */
 379               	/* frame size = 0 */
 380               	/* stack size = 0 */
 381               	.L__stack_usage = 0
 382 0000 8530      		cpi r24,lo8(5)
 383 0002 00F0      		brlo .L40
 384 0004 84E0      		ldi r24,lo8(4)
 385               	.L40:
 110:tmk_core/common/backlight.c ****     if (level > BACKLIGHT_LEVELS)
 111:tmk_core/common/backlight.c ****         level = BACKLIGHT_LEVELS;
 112:tmk_core/common/backlight.c ****     backlight_config.level = level;
 386               		.loc 1 112 0
 387 0006 880F      		lsl r24
 388 0008 9091 0000 		lds r25,backlight_config
 389 000c 9170      		andi r25,lo8(1)
 390 000e 892B      		or r24,r25
 391 0010 8093 0000 		sts backlight_config,r24
 113:tmk_core/common/backlight.c ****     backlight_config.enable = !!backlight_config.level;
 392               		.loc 1 113 0
 393 0014 8E7F      		andi r24,lo8(-2)
 394 0016 91E0      		ldi r25,lo8(1)
 395 0018 01F4      		brne .L41
 396 001a 90E0      		ldi r25,0
 397               	.L41:
 398 001c 8091 0000 		lds r24,backlight_config
 399 0020 90FB      		bst r25,0
 400 0022 80F9      		bld r24,0
 401 0024 8093 0000 		sts backlight_config,r24
 114:tmk_core/common/backlight.c ****     eeconfig_update_backlight(backlight_config.raw);
 402               		.loc 1 114 0
 403 0028 0E94 0000 		call eeconfig_update_backlight
 404               	.LVL17:
 115:tmk_core/common/backlight.c ****     backlight_set(backlight_config.level);
 405               		.loc 1 115 0
 406 002c 8091 0000 		lds r24,backlight_config
 407 0030 8695      		lsr r24
 408 0032 0C94 0000 		jmp backlight_set
 409               	.LVL18:
 410               		.cfi_endproc
 411               	.LFE6:
 413               		.section	.text.get_backlight_level,"ax",@progbits
 414               	.global	get_backlight_level
 416               	get_backlight_level:
 417               	.LFB7:
 116:tmk_core/common/backlight.c **** }
 117:tmk_core/common/backlight.c **** 
 118:tmk_core/common/backlight.c **** /** \brief Get backlight level
 119:tmk_core/common/backlight.c ****  *
 120:tmk_core/common/backlight.c ****  * FIXME: needs doc
 121:tmk_core/common/backlight.c ****  */
 122:tmk_core/common/backlight.c **** uint8_t get_backlight_level(void)
 123:tmk_core/common/backlight.c **** {
 418               		.loc 1 123 0
 419               		.cfi_startproc
 420               	/* prologue: function */
 421               	/* frame size = 0 */
 422               	/* stack size = 0 */
 423               	.L__stack_usage = 0
 124:tmk_core/common/backlight.c ****     return backlight_config.level;
 424               		.loc 1 124 0
 425 0000 8091 0000 		lds r24,backlight_config
 125:tmk_core/common/backlight.c **** }
 426               		.loc 1 125 0
 427 0004 8695      		lsr r24
 428 0006 0895      		ret
 429               		.cfi_endproc
 430               	.LFE7:
 432               		.section	.progmem.data.__c.1763,"a",@progbits
 435               	__c.1763:
 436 0000 6261 636B 		.string	"backlight step: %u\n"
 436      6C69 6768 
 436      7420 7374 
 436      6570 3A20 
 436      2575 0A00 
 437               		.section	.progmem.data.__c.1758,"a",@progbits
 440               	__c.1758:
 441 0000 6261 636B 		.string	"backlight toggle: %u\n"
 441      6C69 6768 
 441      7420 746F 
 441      6767 6C65 
 441      3A20 2575 
 442               		.section	.progmem.data.__c.1753,"a",@progbits
 445               	__c.1753:
 446 0000 6261 636B 		.string	"backlight decrease: %u\n"
 446      6C69 6768 
 446      7420 6465 
 446      6372 6561 
 446      7365 3A20 
 447               		.section	.progmem.data.__c.1748,"a",@progbits
 450               	__c.1748:
 451 0000 6261 636B 		.string	"backlight increase: %u\n"
 451      6C69 6768 
 451      7420 696E 
 451      6372 6561 
 451      7365 3A20 
 452               		.comm	backlight_config,1,1
 453               		.text
 454               	.Letext0:
 455               		.file 2 "tmk_core/common/backlight.h"
 456               		.file 3 "c:\\msys64\\home\\cris almanza\\qmk_utils\\avr8-gnu-toolchain\\avr\\include\\stdint.h"
 457               		.file 4 "tmk_core/common/debug.h"
 458               		.file 5 "tmk_core/common/eeconfig.h"
 459               		.file 6 "tmk_core/common/avr/xprintf.h"
DEFINED SYMBOLS
                            *ABS*:00000000 backlight.c
C:\msys64\tmp\cc9Cbv6z.s:2      *ABS*:0000003e __SP_H__
C:\msys64\tmp\cc9Cbv6z.s:3      *ABS*:0000003d __SP_L__
C:\msys64\tmp\cc9Cbv6z.s:4      *ABS*:0000003f __SREG__
C:\msys64\tmp\cc9Cbv6z.s:5      *ABS*:00000000 __tmp_reg__
C:\msys64\tmp\cc9Cbv6z.s:6      *ABS*:00000001 __zero_reg__
C:\msys64\tmp\cc9Cbv6z.s:13     .text.backlight_init:00000000 backlight_init
                            *COM*:00000001 backlight_config
C:\msys64\tmp\cc9Cbv6z.s:67     .text.backlight_increase:00000000 backlight_increase
C:\msys64\tmp\cc9Cbv6z.s:450    .progmem.data.__c.1748:00000000 __c.1748
C:\msys64\tmp\cc9Cbv6z.s:141    .text.backlight_decrease:00000000 backlight_decrease
C:\msys64\tmp\cc9Cbv6z.s:445    .progmem.data.__c.1753:00000000 __c.1753
C:\msys64\tmp\cc9Cbv6z.s:215    .text.backlight_toggle:00000000 backlight_toggle
C:\msys64\tmp\cc9Cbv6z.s:440    .progmem.data.__c.1758:00000000 __c.1758
C:\msys64\tmp\cc9Cbv6z.s:291    .text.backlight_step:00000000 backlight_step
C:\msys64\tmp\cc9Cbv6z.s:435    .progmem.data.__c.1763:00000000 __c.1763
C:\msys64\tmp\cc9Cbv6z.s:373    .text.backlight_level:00000000 backlight_level
C:\msys64\tmp\cc9Cbv6z.s:416    .text.get_backlight_level:00000000 get_backlight_level

UNDEFINED SYMBOLS
eeconfig_is_enabled
eeconfig_init
eeconfig_read_backlight
backlight_set
eeconfig_update_backlight
debug_config
__xprintf
__do_clear_bss
