   1               		.file	"eeconfig.c"
   2               	__SP_H__ = 0x3e
   3               	__SP_L__ = 0x3d
   4               	__SREG__ = 0x3f
   5               	__tmp_reg__ = 0
   6               	__zero_reg__ = 1
   7               		.text
   8               	.Ltext0:
   9               		.cfi_sections	.debug_frame
  10               		.section	.text.eeconfig_init,"ax",@progbits
  11               	.global	eeconfig_init
  13               	eeconfig_init:
  14               	.LFB0:
  15               		.file 1 "tmk_core/common/eeconfig.c"
   1:tmk_core/common/eeconfig.c **** #include <stdint.h>
   2:tmk_core/common/eeconfig.c **** #include <stdbool.h>
   3:tmk_core/common/eeconfig.c **** #include "eeprom.h"
   4:tmk_core/common/eeconfig.c **** #include "eeconfig.h"
   5:tmk_core/common/eeconfig.c **** 
   6:tmk_core/common/eeconfig.c **** /** \brief eeconfig initialization
   7:tmk_core/common/eeconfig.c ****  *
   8:tmk_core/common/eeconfig.c ****  * FIXME: needs doc
   9:tmk_core/common/eeconfig.c ****  */
  10:tmk_core/common/eeconfig.c **** void eeconfig_init(void)
  11:tmk_core/common/eeconfig.c **** {
  16               		.loc 1 11 0
  17               		.cfi_startproc
  18               	/* prologue: function */
  19               	/* frame size = 0 */
  20               	/* stack size = 0 */
  21               	.L__stack_usage = 0
  12:tmk_core/common/eeconfig.c ****     eeprom_update_word(EECONFIG_MAGIC,          EECONFIG_MAGIC_NUMBER);
  22               		.loc 1 12 0
  23 0000 6DEE      		ldi r22,lo8(-19)
  24 0002 7EEF      		ldi r23,lo8(-2)
  25 0004 80E0      		ldi r24,0
  26 0006 90E0      		ldi r25,0
  27 0008 0E94 0000 		call eeprom_update_word
  28               	.LVL0:
  13:tmk_core/common/eeconfig.c ****     eeprom_update_byte(EECONFIG_DEBUG,          0);
  29               		.loc 1 13 0
  30 000c 60E0      		ldi r22,0
  31 000e 82E0      		ldi r24,lo8(2)
  32 0010 90E0      		ldi r25,0
  33 0012 0E94 0000 		call eeprom_update_byte
  34               	.LVL1:
  14:tmk_core/common/eeconfig.c ****     eeprom_update_byte(EECONFIG_DEFAULT_LAYER,  0);
  35               		.loc 1 14 0
  36 0016 60E0      		ldi r22,0
  37 0018 83E0      		ldi r24,lo8(3)
  38 001a 90E0      		ldi r25,0
  39 001c 0E94 0000 		call eeprom_update_byte
  40               	.LVL2:
  15:tmk_core/common/eeconfig.c ****     eeprom_update_byte(EECONFIG_KEYMAP,         0);
  41               		.loc 1 15 0
  42 0020 60E0      		ldi r22,0
  43 0022 84E0      		ldi r24,lo8(4)
  44 0024 90E0      		ldi r25,0
  45 0026 0E94 0000 		call eeprom_update_byte
  46               	.LVL3:
  16:tmk_core/common/eeconfig.c ****     eeprom_update_byte(EECONFIG_MOUSEKEY_ACCEL, 0);
  47               		.loc 1 16 0
  48 002a 60E0      		ldi r22,0
  49 002c 85E0      		ldi r24,lo8(5)
  50 002e 90E0      		ldi r25,0
  51 0030 0E94 0000 		call eeprom_update_byte
  52               	.LVL4:
  17:tmk_core/common/eeconfig.c **** #ifdef BACKLIGHT_ENABLE
  18:tmk_core/common/eeconfig.c ****     eeprom_update_byte(EECONFIG_BACKLIGHT,      0);
  53               		.loc 1 18 0
  54 0034 60E0      		ldi r22,0
  55 0036 86E0      		ldi r24,lo8(6)
  56 0038 90E0      		ldi r25,0
  57 003a 0E94 0000 		call eeprom_update_byte
  58               	.LVL5:
  19:tmk_core/common/eeconfig.c **** #endif
  20:tmk_core/common/eeconfig.c **** #ifdef AUDIO_ENABLE
  21:tmk_core/common/eeconfig.c ****     eeprom_update_byte(EECONFIG_AUDIO,             0xFF); // On by default
  59               		.loc 1 21 0
  60 003e 6FEF      		ldi r22,lo8(-1)
  61 0040 87E0      		ldi r24,lo8(7)
  62 0042 90E0      		ldi r25,0
  63 0044 0E94 0000 		call eeprom_update_byte
  64               	.LVL6:
  22:tmk_core/common/eeconfig.c **** #endif
  23:tmk_core/common/eeconfig.c **** #if defined(RGBLIGHT_ENABLE) || defined(RGB_MATRIX_ENABLE)
  24:tmk_core/common/eeconfig.c ****     eeprom_update_dword(EECONFIG_RGBLIGHT,      0);
  65               		.loc 1 24 0
  66 0048 40E0      		ldi r20,0
  67 004a 50E0      		ldi r21,0
  68 004c BA01      		movw r22,r20
  69 004e 88E0      		ldi r24,lo8(8)
  70 0050 90E0      		ldi r25,0
  71 0052 0C94 0000 		jmp eeprom_update_dword
  72               	.LVL7:
  73               		.cfi_endproc
  74               	.LFE0:
  76               		.section	.text.eeconfig_enable,"ax",@progbits
  77               	.global	eeconfig_enable
  79               	eeconfig_enable:
  80               	.LFB1:
  25:tmk_core/common/eeconfig.c **** #endif
  26:tmk_core/common/eeconfig.c **** #ifdef STENO_ENABLE
  27:tmk_core/common/eeconfig.c ****     eeprom_update_byte(EECONFIG_STENOMODE,      0);
  28:tmk_core/common/eeconfig.c **** #endif
  29:tmk_core/common/eeconfig.c **** }
  30:tmk_core/common/eeconfig.c **** 
  31:tmk_core/common/eeconfig.c **** /** \brief eeconfig enable
  32:tmk_core/common/eeconfig.c ****  *
  33:tmk_core/common/eeconfig.c ****  * FIXME: needs doc
  34:tmk_core/common/eeconfig.c ****  */
  35:tmk_core/common/eeconfig.c **** void eeconfig_enable(void)
  36:tmk_core/common/eeconfig.c **** {
  81               		.loc 1 36 0
  82               		.cfi_startproc
  83               	/* prologue: function */
  84               	/* frame size = 0 */
  85               	/* stack size = 0 */
  86               	.L__stack_usage = 0
  37:tmk_core/common/eeconfig.c ****     eeprom_update_word(EECONFIG_MAGIC, EECONFIG_MAGIC_NUMBER);
  87               		.loc 1 37 0
  88 0000 6DEE      		ldi r22,lo8(-19)
  89 0002 7EEF      		ldi r23,lo8(-2)
  90 0004 80E0      		ldi r24,0
  91 0006 90E0      		ldi r25,0
  92 0008 0C94 0000 		jmp eeprom_update_word
  93               	.LVL8:
  94               		.cfi_endproc
  95               	.LFE1:
  97               		.section	.text.eeconfig_disable,"ax",@progbits
  98               	.global	eeconfig_disable
 100               	eeconfig_disable:
 101               	.LFB2:
  38:tmk_core/common/eeconfig.c **** }
  39:tmk_core/common/eeconfig.c **** 
  40:tmk_core/common/eeconfig.c **** /** \brief eeconfig disable
  41:tmk_core/common/eeconfig.c ****  *
  42:tmk_core/common/eeconfig.c ****  * FIXME: needs doc
  43:tmk_core/common/eeconfig.c ****  */
  44:tmk_core/common/eeconfig.c **** void eeconfig_disable(void)
  45:tmk_core/common/eeconfig.c **** {
 102               		.loc 1 45 0
 103               		.cfi_startproc
 104               	/* prologue: function */
 105               	/* frame size = 0 */
 106               	/* stack size = 0 */
 107               	.L__stack_usage = 0
  46:tmk_core/common/eeconfig.c ****     eeprom_update_word(EECONFIG_MAGIC, 0xFFFF);
 108               		.loc 1 46 0
 109 0000 6FEF      		ldi r22,lo8(-1)
 110 0002 7FEF      		ldi r23,lo8(-1)
 111 0004 80E0      		ldi r24,0
 112 0006 90E0      		ldi r25,0
 113 0008 0C94 0000 		jmp eeprom_update_word
 114               	.LVL9:
 115               		.cfi_endproc
 116               	.LFE2:
 118               		.section	.text.eeconfig_is_enabled,"ax",@progbits
 119               	.global	eeconfig_is_enabled
 121               	eeconfig_is_enabled:
 122               	.LFB3:
  47:tmk_core/common/eeconfig.c **** }
  48:tmk_core/common/eeconfig.c **** 
  49:tmk_core/common/eeconfig.c **** /** \brief eeconfig is enabled
  50:tmk_core/common/eeconfig.c ****  *
  51:tmk_core/common/eeconfig.c ****  * FIXME: needs doc
  52:tmk_core/common/eeconfig.c ****  */
  53:tmk_core/common/eeconfig.c **** bool eeconfig_is_enabled(void)
  54:tmk_core/common/eeconfig.c **** {
 123               		.loc 1 54 0
 124               		.cfi_startproc
 125               	/* prologue: function */
 126               	/* frame size = 0 */
 127               	/* stack size = 0 */
 128               	.L__stack_usage = 0
  55:tmk_core/common/eeconfig.c ****     return (eeprom_read_word(EECONFIG_MAGIC) == EECONFIG_MAGIC_NUMBER);
 129               		.loc 1 55 0
 130 0000 80E0      		ldi r24,0
 131 0002 90E0      		ldi r25,0
 132 0004 0E94 0000 		call eeprom_read_word
 133               	.LVL10:
 134 0008 21E0      		ldi r18,lo8(1)
 135 000a 8D3E      		cpi r24,-19
 136 000c 9E4F      		sbci r25,-2
 137 000e 01F0      		breq .L5
 138 0010 20E0      		ldi r18,0
 139               	.L5:
  56:tmk_core/common/eeconfig.c **** }
 140               		.loc 1 56 0
 141 0012 822F      		mov r24,r18
 142 0014 0895      		ret
 143               		.cfi_endproc
 144               	.LFE3:
 146               		.section	.text.eeconfig_read_debug,"ax",@progbits
 147               	.global	eeconfig_read_debug
 149               	eeconfig_read_debug:
 150               	.LFB4:
  57:tmk_core/common/eeconfig.c **** 
  58:tmk_core/common/eeconfig.c **** /** \brief eeconfig read debug
  59:tmk_core/common/eeconfig.c ****  *
  60:tmk_core/common/eeconfig.c ****  * FIXME: needs doc
  61:tmk_core/common/eeconfig.c ****  */
  62:tmk_core/common/eeconfig.c **** uint8_t eeconfig_read_debug(void)      { return eeprom_read_byte(EECONFIG_DEBUG); }
 151               		.loc 1 62 0
 152               		.cfi_startproc
 153               	/* prologue: function */
 154               	/* frame size = 0 */
 155               	/* stack size = 0 */
 156               	.L__stack_usage = 0
 157               		.loc 1 62 0
 158 0000 82E0      		ldi r24,lo8(2)
 159 0002 90E0      		ldi r25,0
 160 0004 0C94 0000 		jmp eeprom_read_byte
 161               	.LVL11:
 162               		.cfi_endproc
 163               	.LFE4:
 165               		.section	.text.eeconfig_update_debug,"ax",@progbits
 166               	.global	eeconfig_update_debug
 168               	eeconfig_update_debug:
 169               	.LFB5:
  63:tmk_core/common/eeconfig.c **** /** \brief eeconfig update debug
  64:tmk_core/common/eeconfig.c ****  *
  65:tmk_core/common/eeconfig.c ****  * FIXME: needs doc
  66:tmk_core/common/eeconfig.c ****  */
  67:tmk_core/common/eeconfig.c **** void eeconfig_update_debug(uint8_t val) { eeprom_update_byte(EECONFIG_DEBUG, val); }
 170               		.loc 1 67 0
 171               		.cfi_startproc
 172               	.LVL12:
 173               	/* prologue: function */
 174               	/* frame size = 0 */
 175               	/* stack size = 0 */
 176               	.L__stack_usage = 0
 177               		.loc 1 67 0
 178 0000 682F      		mov r22,r24
 179 0002 82E0      		ldi r24,lo8(2)
 180 0004 90E0      		ldi r25,0
 181               	.LVL13:
 182 0006 0C94 0000 		jmp eeprom_update_byte
 183               	.LVL14:
 184               		.cfi_endproc
 185               	.LFE5:
 187               		.section	.text.eeconfig_read_default_layer,"ax",@progbits
 188               	.global	eeconfig_read_default_layer
 190               	eeconfig_read_default_layer:
 191               	.LFB6:
  68:tmk_core/common/eeconfig.c **** 
  69:tmk_core/common/eeconfig.c **** /** \brief eeconfig read default layer
  70:tmk_core/common/eeconfig.c ****  *
  71:tmk_core/common/eeconfig.c ****  * FIXME: needs doc
  72:tmk_core/common/eeconfig.c ****  */
  73:tmk_core/common/eeconfig.c **** uint8_t eeconfig_read_default_layer(void)      { return eeprom_read_byte(EECONFIG_DEFAULT_LAYER); }
 192               		.loc 1 73 0
 193               		.cfi_startproc
 194               	/* prologue: function */
 195               	/* frame size = 0 */
 196               	/* stack size = 0 */
 197               	.L__stack_usage = 0
 198               		.loc 1 73 0
 199 0000 83E0      		ldi r24,lo8(3)
 200 0002 90E0      		ldi r25,0
 201 0004 0C94 0000 		jmp eeprom_read_byte
 202               	.LVL15:
 203               		.cfi_endproc
 204               	.LFE6:
 206               		.section	.text.eeconfig_update_default_layer,"ax",@progbits
 207               	.global	eeconfig_update_default_layer
 209               	eeconfig_update_default_layer:
 210               	.LFB7:
  74:tmk_core/common/eeconfig.c **** /** \brief eeconfig update default layer
  75:tmk_core/common/eeconfig.c ****  *
  76:tmk_core/common/eeconfig.c ****  * FIXME: needs doc
  77:tmk_core/common/eeconfig.c ****  */
  78:tmk_core/common/eeconfig.c **** void eeconfig_update_default_layer(uint8_t val) { eeprom_update_byte(EECONFIG_DEFAULT_LAYER, val); 
 211               		.loc 1 78 0
 212               		.cfi_startproc
 213               	.LVL16:
 214               	/* prologue: function */
 215               	/* frame size = 0 */
 216               	/* stack size = 0 */
 217               	.L__stack_usage = 0
 218               		.loc 1 78 0
 219 0000 682F      		mov r22,r24
 220 0002 83E0      		ldi r24,lo8(3)
 221 0004 90E0      		ldi r25,0
 222               	.LVL17:
 223 0006 0C94 0000 		jmp eeprom_update_byte
 224               	.LVL18:
 225               		.cfi_endproc
 226               	.LFE7:
 228               		.section	.text.eeconfig_read_keymap,"ax",@progbits
 229               	.global	eeconfig_read_keymap
 231               	eeconfig_read_keymap:
 232               	.LFB8:
  79:tmk_core/common/eeconfig.c **** 
  80:tmk_core/common/eeconfig.c **** /** \brief eeconfig read keymap
  81:tmk_core/common/eeconfig.c ****  *
  82:tmk_core/common/eeconfig.c ****  * FIXME: needs doc
  83:tmk_core/common/eeconfig.c ****  */
  84:tmk_core/common/eeconfig.c **** uint8_t eeconfig_read_keymap(void)      { return eeprom_read_byte(EECONFIG_KEYMAP); }
 233               		.loc 1 84 0
 234               		.cfi_startproc
 235               	/* prologue: function */
 236               	/* frame size = 0 */
 237               	/* stack size = 0 */
 238               	.L__stack_usage = 0
 239               		.loc 1 84 0
 240 0000 84E0      		ldi r24,lo8(4)
 241 0002 90E0      		ldi r25,0
 242 0004 0C94 0000 		jmp eeprom_read_byte
 243               	.LVL19:
 244               		.cfi_endproc
 245               	.LFE8:
 247               		.section	.text.eeconfig_update_keymap,"ax",@progbits
 248               	.global	eeconfig_update_keymap
 250               	eeconfig_update_keymap:
 251               	.LFB9:
  85:tmk_core/common/eeconfig.c **** /** \brief eeconfig update keymap
  86:tmk_core/common/eeconfig.c ****  *
  87:tmk_core/common/eeconfig.c ****  * FIXME: needs doc
  88:tmk_core/common/eeconfig.c ****  */
  89:tmk_core/common/eeconfig.c **** void eeconfig_update_keymap(uint8_t val) { eeprom_update_byte(EECONFIG_KEYMAP, val); }
 252               		.loc 1 89 0
 253               		.cfi_startproc
 254               	.LVL20:
 255               	/* prologue: function */
 256               	/* frame size = 0 */
 257               	/* stack size = 0 */
 258               	.L__stack_usage = 0
 259               		.loc 1 89 0
 260 0000 682F      		mov r22,r24
 261 0002 84E0      		ldi r24,lo8(4)
 262 0004 90E0      		ldi r25,0
 263               	.LVL21:
 264 0006 0C94 0000 		jmp eeprom_update_byte
 265               	.LVL22:
 266               		.cfi_endproc
 267               	.LFE9:
 269               		.section	.text.eeconfig_read_backlight,"ax",@progbits
 270               	.global	eeconfig_read_backlight
 272               	eeconfig_read_backlight:
 273               	.LFB10:
  90:tmk_core/common/eeconfig.c **** 
  91:tmk_core/common/eeconfig.c **** #ifdef BACKLIGHT_ENABLE
  92:tmk_core/common/eeconfig.c **** /** \brief eeconfig read backlight
  93:tmk_core/common/eeconfig.c ****  *
  94:tmk_core/common/eeconfig.c ****  * FIXME: needs doc
  95:tmk_core/common/eeconfig.c ****  */
  96:tmk_core/common/eeconfig.c **** uint8_t eeconfig_read_backlight(void)      { return eeprom_read_byte(EECONFIG_BACKLIGHT); }
 274               		.loc 1 96 0
 275               		.cfi_startproc
 276               	/* prologue: function */
 277               	/* frame size = 0 */
 278               	/* stack size = 0 */
 279               	.L__stack_usage = 0
 280               		.loc 1 96 0
 281 0000 86E0      		ldi r24,lo8(6)
 282 0002 90E0      		ldi r25,0
 283 0004 0C94 0000 		jmp eeprom_read_byte
 284               	.LVL23:
 285               		.cfi_endproc
 286               	.LFE10:
 288               		.section	.text.eeconfig_update_backlight,"ax",@progbits
 289               	.global	eeconfig_update_backlight
 291               	eeconfig_update_backlight:
 292               	.LFB11:
  97:tmk_core/common/eeconfig.c **** /** \brief eeconfig update backlight
  98:tmk_core/common/eeconfig.c ****  *
  99:tmk_core/common/eeconfig.c ****  * FIXME: needs doc
 100:tmk_core/common/eeconfig.c ****  */
 101:tmk_core/common/eeconfig.c **** void eeconfig_update_backlight(uint8_t val) { eeprom_update_byte(EECONFIG_BACKLIGHT, val); }
 293               		.loc 1 101 0
 294               		.cfi_startproc
 295               	.LVL24:
 296               	/* prologue: function */
 297               	/* frame size = 0 */
 298               	/* stack size = 0 */
 299               	.L__stack_usage = 0
 300               		.loc 1 101 0
 301 0000 682F      		mov r22,r24
 302 0002 86E0      		ldi r24,lo8(6)
 303 0004 90E0      		ldi r25,0
 304               	.LVL25:
 305 0006 0C94 0000 		jmp eeprom_update_byte
 306               	.LVL26:
 307               		.cfi_endproc
 308               	.LFE11:
 310               		.section	.text.eeconfig_read_audio,"ax",@progbits
 311               	.global	eeconfig_read_audio
 313               	eeconfig_read_audio:
 314               	.LFB12:
 102:tmk_core/common/eeconfig.c **** #endif
 103:tmk_core/common/eeconfig.c **** 
 104:tmk_core/common/eeconfig.c **** #ifdef AUDIO_ENABLE
 105:tmk_core/common/eeconfig.c **** /** \brief eeconfig read audio
 106:tmk_core/common/eeconfig.c ****  *
 107:tmk_core/common/eeconfig.c ****  * FIXME: needs doc
 108:tmk_core/common/eeconfig.c ****  */
 109:tmk_core/common/eeconfig.c **** uint8_t eeconfig_read_audio(void)      { return eeprom_read_byte(EECONFIG_AUDIO); }
 315               		.loc 1 109 0
 316               		.cfi_startproc
 317               	/* prologue: function */
 318               	/* frame size = 0 */
 319               	/* stack size = 0 */
 320               	.L__stack_usage = 0
 321               		.loc 1 109 0
 322 0000 87E0      		ldi r24,lo8(7)
 323 0002 90E0      		ldi r25,0
 324 0004 0C94 0000 		jmp eeprom_read_byte
 325               	.LVL27:
 326               		.cfi_endproc
 327               	.LFE12:
 329               		.section	.text.eeconfig_update_audio,"ax",@progbits
 330               	.global	eeconfig_update_audio
 332               	eeconfig_update_audio:
 333               	.LFB13:
 110:tmk_core/common/eeconfig.c **** /** \brief eeconfig update audio
 111:tmk_core/common/eeconfig.c ****  *
 112:tmk_core/common/eeconfig.c ****  * FIXME: needs doc
 113:tmk_core/common/eeconfig.c ****  */
 114:tmk_core/common/eeconfig.c **** void eeconfig_update_audio(uint8_t val) { eeprom_update_byte(EECONFIG_AUDIO, val); }
 334               		.loc 1 114 0
 335               		.cfi_startproc
 336               	.LVL28:
 337               	/* prologue: function */
 338               	/* frame size = 0 */
 339               	/* stack size = 0 */
 340               	.L__stack_usage = 0
 341               		.loc 1 114 0
 342 0000 682F      		mov r22,r24
 343 0002 87E0      		ldi r24,lo8(7)
 344 0004 90E0      		ldi r25,0
 345               	.LVL29:
 346 0006 0C94 0000 		jmp eeprom_update_byte
 347               	.LVL30:
 348               		.cfi_endproc
 349               	.LFE13:
 351               		.text
 352               	.Letext0:
 353               		.file 2 "c:\\msys64\\home\\cris almanza\\qmk_utils\\avr8-gnu-toolchain\\avr\\include\\stdint.h"
 354               		.file 3 "c:\\msys64\\home\\cris almanza\\qmk_utils\\avr8-gnu-toolchain\\avr\\include\\avr\\eeprom.
DEFINED SYMBOLS
                            *ABS*:00000000 eeconfig.c
C:\msys64\tmp\cchilB0r.s:2      *ABS*:0000003e __SP_H__
C:\msys64\tmp\cchilB0r.s:3      *ABS*:0000003d __SP_L__
C:\msys64\tmp\cchilB0r.s:4      *ABS*:0000003f __SREG__
C:\msys64\tmp\cchilB0r.s:5      *ABS*:00000000 __tmp_reg__
C:\msys64\tmp\cchilB0r.s:6      *ABS*:00000001 __zero_reg__
C:\msys64\tmp\cchilB0r.s:13     .text.eeconfig_init:00000000 eeconfig_init
C:\msys64\tmp\cchilB0r.s:79     .text.eeconfig_enable:00000000 eeconfig_enable
C:\msys64\tmp\cchilB0r.s:100    .text.eeconfig_disable:00000000 eeconfig_disable
C:\msys64\tmp\cchilB0r.s:121    .text.eeconfig_is_enabled:00000000 eeconfig_is_enabled
C:\msys64\tmp\cchilB0r.s:149    .text.eeconfig_read_debug:00000000 eeconfig_read_debug
C:\msys64\tmp\cchilB0r.s:168    .text.eeconfig_update_debug:00000000 eeconfig_update_debug
C:\msys64\tmp\cchilB0r.s:190    .text.eeconfig_read_default_layer:00000000 eeconfig_read_default_layer
C:\msys64\tmp\cchilB0r.s:209    .text.eeconfig_update_default_layer:00000000 eeconfig_update_default_layer
C:\msys64\tmp\cchilB0r.s:231    .text.eeconfig_read_keymap:00000000 eeconfig_read_keymap
C:\msys64\tmp\cchilB0r.s:250    .text.eeconfig_update_keymap:00000000 eeconfig_update_keymap
C:\msys64\tmp\cchilB0r.s:272    .text.eeconfig_read_backlight:00000000 eeconfig_read_backlight
C:\msys64\tmp\cchilB0r.s:291    .text.eeconfig_update_backlight:00000000 eeconfig_update_backlight
C:\msys64\tmp\cchilB0r.s:313    .text.eeconfig_read_audio:00000000 eeconfig_read_audio
C:\msys64\tmp\cchilB0r.s:332    .text.eeconfig_update_audio:00000000 eeconfig_update_audio

UNDEFINED SYMBOLS
eeprom_update_word
eeprom_update_byte
eeprom_update_dword
eeprom_read_word
eeprom_read_byte
